<?xml version="1.0" encoding="UTF-8"?>
<testsuite name="petstore.Pet" tests="2" skipped="0" failures="0" errors="0" timestamp="2021-08-19T04:09:08" hostname="YMN000857" time="3.159">
  <properties/>
  <testcase name="consultarPet" classname="petstore.Pet" time="2.346"/>
  <testcase name="incluirPet" classname="petstore.Pet" time="0.809"/>
  <system-out><![CDATA[Request method:	GET
Request URI:	https://petstore.swagger.io/v2/pet/19723541404
Proxy:			<none>
Request params:	<none>
Query params:	<none>
Form params:	<none>
Path params:	<none>
Headers:		Accept=*/*
				Content-Type=application/json; charset=UTF-8
Cookies:		<none>
Multiparts:		<none>
Body:			<none>
HTTP/1.1 200 OK
Date: Thu, 19 Aug 2021 04:09:10 GMT
Content-Type: application/json
Transfer-Encoding: chunked
Connection: keep-alive
Access-Control-Allow-Origin: *
Access-Control-Allow-Methods: GET, POST, DELETE, PUT
Access-Control-Allow-Headers: Content-Type, api_key, Authorization
Server: Jetty(9.2.9.v20150224)

{
    "id": 19723541404,
    "category": {
        "id": 1,
        "name": "XT01ABS4OR"
    },
    "name": "Shailon",
    "photoUrls": [
        "string"
    ],
    "tags": [
        {
            "id": 202108191,
            "name": "engine"
        }
    ],
    "status": "available"
}
O token Ã© XT01ABS4OR
Request method:	POST
Request URI:	https://petstore.swagger.io/v2/pet
Proxy:			<none>
Request params:	<none>
Query params:	<none>
Form params:	<none>
Path params:	<none>
Headers:		Accept=*/*
				Content-Type=application/json; charset=UTF-8
Cookies:		<none>
Multiparts:		<none>
Body:
{
    "id": 19723541404,
    "category": {
        "id": 1,
        "name": "XT01ABS4OR"
    },
    "name": "Shailon",
    "photoUrls": [
        "string"
    ],
    "tags": [
        {
            "id": 202108191,
            "name": "engine"
        }
    ],
    "status": "available"
}
HTTP/1.1 200 OK
Date: Thu, 19 Aug 2021 04:09:11 GMT
Content-Type: application/json
Transfer-Encoding: chunked
Connection: keep-alive
Access-Control-Allow-Origin: *
Access-Control-Allow-Methods: GET, POST, DELETE, PUT
Access-Control-Allow-Headers: Content-Type, api_key, Authorization
Server: Jetty(9.2.9.v20150224)

{
    "id": 19723541404,
    "category": {
        "id": 1,
        "name": "XT01ABS4OR"
    },
    "name": "Shailon",
    "photoUrls": [
        "string"
    ],
    "tags": [
        {
            "id": 202108191,
            "name": "engine"
        }
    ],
    "status": "available"
}
]]></system-out>
  <system-err><![CDATA[]]></system-err>
</testsuite>
