<?xml version="1.0" encoding="UTF-8"?>
<testsuite name="petstore.Pet" tests="1" skipped="0" failures="0" errors="0" timestamp="2021-08-19T04:28:34" hostname="YMN000857" time="2.598">
  <properties/>
  <testcase name="alterarPet" classname="petstore.Pet" time="2.598"/>
  <system-out><![CDATA[Request method:	PUT
Request URI:	https://petstore.swagger.io/v2/pet
Proxy:			<none>
Request params:	<none>
Query params:	<none>
Form params:	<none>
Path params:	<none>
Headers:		Accept=*/*
				Content-Type=application/json; charset=UTF-8
Cookies:		<none>
Multiparts:		<none>
Body:
{
    "id": 19723541404,
    "category": {
        "id": 1,
        "name": "XT01ABS4OR"
    },
    "name": "Shailon",
    "photoUrls": [
        "string"
    ],
    "tags": [
        {
            "id": 202108191,
            "name": "engine"
        }
    ],
    "status": "sold"
}
HTTP/1.1 200 OK
Date: Thu, 19 Aug 2021 04:28:36 GMT
Content-Type: application/json
Transfer-Encoding: chunked
Connection: keep-alive
Access-Control-Allow-Origin: *
Access-Control-Allow-Methods: GET, POST, DELETE, PUT
Access-Control-Allow-Headers: Content-Type, api_key, Authorization
Server: Jetty(9.2.9.v20150224)

{
    "id": 19723541404,
    "category": {
        "id": 1,
        "name": "XT01ABS4OR"
    },
    "name": "Shailon",
    "photoUrls": [
        "string"
    ],
    "tags": [
        {
            "id": 202108191,
            "name": "engine"
        }
    ],
    "status": "sold"
}
]]></system-out>
  <system-err><![CDATA[]]></system-err>
</testsuite>
